Determining if the Q_WS_WIN exist failed with the following output:
Change Dir: /home/dnvetrov/mercurial/ag/ag/ag/Relaxation/trunk/programs/qlfdevices/CMakeFiles/CMakeTmp

Run Build Command:/usr/bin/make "cmTryCompileExec3301010683/fast"
/usr/bin/make -f CMakeFiles/cmTryCompileExec3301010683.dir/build.make CMakeFiles/cmTryCompileExec3301010683.dir/build
make[1]: Вход в каталог `/home/dnvetrov/mercurial/ag/ag/ag/Relaxation/trunk/programs/qlfdevices/CMakeFiles/CMakeTmp'
/usr/bin/cmake -E cmake_progress_report /home/dnvetrov/mercurial/ag/ag/ag/Relaxation/trunk/programs/qlfdevices/CMakeFiles/CMakeTmp/CMakeFiles 1
Building CXX object CMakeFiles/cmTryCompileExec3301010683.dir/CheckSymbolExists.cxx.o
/usr/bin/c++    -I/usr/include/qt4    -o CMakeFiles/cmTryCompileExec3301010683.dir/CheckSymbolExists.cxx.o -c /home/dnvetrov/mercurial/ag/ag/ag/Relaxation/trunk/programs/qlfdevices/CMakeFiles/CMakeTmp/CheckSymbolExists.cxx
/home/dnvetrov/mercurial/ag/ag/ag/Relaxation/trunk/programs/qlfdevices/CMakeFiles/CMakeTmp/CheckSymbolExists.cxx: In function ‘int main(int, char**)’:
/home/dnvetrov/mercurial/ag/ag/ag/Relaxation/trunk/programs/qlfdevices/CMakeFiles/CMakeTmp/CheckSymbolExists.cxx:8:19: error: ‘Q_WS_WIN’ was not declared in this scope
   return ((int*)(&Q_WS_WIN))[argc];
                   ^
make[1]: *** [CMakeFiles/cmTryCompileExec3301010683.dir/CheckSymbolExists.cxx.o] Ошибка 1
make[1]: Выход из каталога `/home/dnvetrov/mercurial/ag/ag/ag/Relaxation/trunk/programs/qlfdevices/CMakeFiles/CMakeTmp'
make: *** [cmTryCompileExec3301010683/fast] Ошибка 2

File /home/dnvetrov/mercurial/ag/ag/ag/Relaxation/trunk/programs/qlfdevices/CMakeFiles/CMakeTmp/CheckSymbolExists.cxx:
/* */
#include <QtCore/qglobal.h>

int main(int argc, char** argv)
{
  (void)argv;
#ifndef Q_WS_WIN
  return ((int*)(&Q_WS_WIN))[argc];
#else
  (void)argc;
  return 0;
#endif
}

Determining if the Q_WS_QWS exist failed with the following output:
Change Dir: /home/dnvetrov/mercurial/ag/ag/ag/Relaxation/trunk/programs/qlfdevices/CMakeFiles/CMakeTmp

Run Build Command:/usr/bin/make "cmTryCompileExec932582239/fast"
/usr/bin/make -f CMakeFiles/cmTryCompileExec932582239.dir/build.make CMakeFiles/cmTryCompileExec932582239.dir/build
make[1]: Вход в каталог `/home/dnvetrov/mercurial/ag/ag/ag/Relaxation/trunk/programs/qlfdevices/CMakeFiles/CMakeTmp'
/usr/bin/cmake -E cmake_progress_report /home/dnvetrov/mercurial/ag/ag/ag/Relaxation/trunk/programs/qlfdevices/CMakeFiles/CMakeTmp/CMakeFiles 1
Building CXX object CMakeFiles/cmTryCompileExec932582239.dir/CheckSymbolExists.cxx.o
/usr/bin/c++    -I/usr/include/qt4    -o CMakeFiles/cmTryCompileExec932582239.dir/CheckSymbolExists.cxx.o -c /home/dnvetrov/mercurial/ag/ag/ag/Relaxation/trunk/programs/qlfdevices/CMakeFiles/CMakeTmp/CheckSymbolExists.cxx
/home/dnvetrov/mercurial/ag/ag/ag/Relaxation/trunk/programs/qlfdevices/CMakeFiles/CMakeTmp/CheckSymbolExists.cxx: In function ‘int main(int, char**)’:
/home/dnvetrov/mercurial/ag/ag/ag/Relaxation/trunk/programs/qlfdevices/CMakeFiles/CMakeTmp/CheckSymbolExists.cxx:8:19: error: ‘Q_WS_QWS’ was not declared in this scope
   return ((int*)(&Q_WS_QWS))[argc];
                   ^
make[1]: *** [CMakeFiles/cmTryCompileExec932582239.dir/CheckSymbolExists.cxx.o] Ошибка 1
make[1]: Выход из каталога `/home/dnvetrov/mercurial/ag/ag/ag/Relaxation/trunk/programs/qlfdevices/CMakeFiles/CMakeTmp'
make: *** [cmTryCompileExec932582239/fast] Ошибка 2

File /home/dnvetrov/mercurial/ag/ag/ag/Relaxation/trunk/programs/qlfdevices/CMakeFiles/CMakeTmp/CheckSymbolExists.cxx:
/* */
#include <QtCore/qglobal.h>

int main(int argc, char** argv)
{
  (void)argv;
#ifndef Q_WS_QWS
  return ((int*)(&Q_WS_QWS))[argc];
#else
  (void)argc;
  return 0;
#endif
}

Determining if the Q_WS_MAC exist failed with the following output:
Change Dir: /home/dnvetrov/mercurial/ag/ag/ag/Relaxation/trunk/programs/qlfdevices/CMakeFiles/CMakeTmp

Run Build Command:/usr/bin/make "cmTryCompileExec4123874436/fast"
/usr/bin/make -f CMakeFiles/cmTryCompileExec4123874436.dir/build.make CMakeFiles/cmTryCompileExec4123874436.dir/build
make[1]: Вход в каталог `/home/dnvetrov/mercurial/ag/ag/ag/Relaxation/trunk/programs/qlfdevices/CMakeFiles/CMakeTmp'
/usr/bin/cmake -E cmake_progress_report /home/dnvetrov/mercurial/ag/ag/ag/Relaxation/trunk/programs/qlfdevices/CMakeFiles/CMakeTmp/CMakeFiles 1
Building CXX object CMakeFiles/cmTryCompileExec4123874436.dir/CheckSymbolExists.cxx.o
/usr/bin/c++    -I/usr/include/qt4    -o CMakeFiles/cmTryCompileExec4123874436.dir/CheckSymbolExists.cxx.o -c /home/dnvetrov/mercurial/ag/ag/ag/Relaxation/trunk/programs/qlfdevices/CMakeFiles/CMakeTmp/CheckSymbolExists.cxx
/home/dnvetrov/mercurial/ag/ag/ag/Relaxation/trunk/programs/qlfdevices/CMakeFiles/CMakeTmp/CheckSymbolExists.cxx: In function ‘int main(int, char**)’:
/home/dnvetrov/mercurial/ag/ag/ag/Relaxation/trunk/programs/qlfdevices/CMakeFiles/CMakeTmp/CheckSymbolExists.cxx:8:19: error: ‘Q_WS_MAC’ was not declared in this scope
   return ((int*)(&Q_WS_MAC))[argc];
                   ^
make[1]: *** [CMakeFiles/cmTryCompileExec4123874436.dir/CheckSymbolExists.cxx.o] Ошибка 1
make[1]: Выход из каталога `/home/dnvetrov/mercurial/ag/ag/ag/Relaxation/trunk/programs/qlfdevices/CMakeFiles/CMakeTmp'
make: *** [cmTryCompileExec4123874436/fast] Ошибка 2

File /home/dnvetrov/mercurial/ag/ag/ag/Relaxation/trunk/programs/qlfdevices/CMakeFiles/CMakeTmp/CheckSymbolExists.cxx:
/* */
#include <QtCore/qglobal.h>

int main(int argc, char** argv)
{
  (void)argv;
#ifndef Q_WS_MAC
  return ((int*)(&Q_WS_MAC))[argc];
#else
  (void)argc;
  return 0;
#endif
}

